<?xml version="1.0" encoding="UTF-8"?>
<!-- Generated by org.testng.reporters.JUnitReportReporter -->
<testsuite hostname="DESKTOP-98J6LHD" failures="0" tests="1" name="Pack1.TestNG" time="0.023" errors="0" timestamp="2022-09-10T09:27:03 IST" skipped="0">
  <testcase classname="Pack1.TestNG" name="test" time="0.023"/>
  <system-out/>
</testsuite> <!-- Pack1.TestNG -->
